<?xml version="1.0" encoding="UTF-8"?>
<!-- Generated by org.testng.reporters.JUnitXMLReporter -->
<testsuite ignored="1" hostname="MacBook-Air-Poorva.local" failures="0" tests="1" name="Default test" time="12.228" errors="0" timestamp="2022-09-29T12:36:25 EDT">
  <testcase classname="com.git.demo1.demo1" name="verifyTitleTest" time="0.009"/>
  <testcase classname="com.git.demo1.demo1" name="verifyIsImageDisplayedTest" time="0.0">
    <ignored/>
  </testcase> <!-- verifyIsImageDisplayedTest -->
</testsuite> <!-- Default test -->
