<?xml version="1.0" encoding="UTF-8"?>
<testng-results ignored="0" total="2" passed="2" failed="0" skipped="0">
  <reporter-output>
  </reporter-output>
  <suite started-at="2022-09-29T14:02:46 EDT" name="Suite" finished-at="2022-09-29T14:03:45 EDT" duration-ms="59900">
    <groups>
    </groups>
    <test started-at="2022-09-29T14:02:46 EDT" name="Test" finished-at="2022-09-29T14:03:45 EDT" duration-ms="59900">
      <class name="com.git.demo1.demo1">
        <test-method is-config="true" signature="init_driver()[pri:0, instance:com.git.demo1.demo1@61230f6a]" started-at="2022-09-29T14:02:46 EDT" name="init_driver" finished-at="2022-09-29T14:03:19 EDT" duration-ms="33269" status="PASS">
          <reporter-output>
          </reporter-output>
        </test-method> <!-- init_driver -->
        <test-method signature="verifyTitleTest()[pri:1, instance:com.git.demo1.demo1@61230f6a]" started-at="2022-09-29T14:03:19 EDT" name="verifyTitleTest" finished-at="2022-09-29T14:03:19 EDT" duration-ms="28" status="PASS">
          <reporter-output>
          </reporter-output>
        </test-method> <!-- verifyTitleTest -->
        <test-method is-config="true" signature="tearDown()[pri:0, instance:com.git.demo1.demo1@61230f6a]" started-at="2022-09-29T14:03:19 EDT" name="tearDown" finished-at="2022-09-29T14:03:19 EDT" duration-ms="222" status="PASS">
          <reporter-output>
          </reporter-output>
        </test-method> <!-- tearDown -->
        <test-method is-config="true" signature="init_driver()[pri:0, instance:com.git.demo1.demo1@61230f6a]" started-at="2022-09-29T14:03:19 EDT" name="init_driver" finished-at="2022-09-29T14:03:45 EDT" duration-ms="26029" status="PASS">
          <reporter-output>
          </reporter-output>
        </test-method> <!-- init_driver -->
        <test-method signature="verifyIsImageDisplayedTest()[pri:2, instance:com.git.demo1.demo1@61230f6a]" started-at="2022-09-29T14:03:45 EDT" name="verifyIsImageDisplayedTest" finished-at="2022-09-29T14:03:45 EDT" duration-ms="68" status="PASS">
          <reporter-output>
          </reporter-output>
        </test-method> <!-- verifyIsImageDisplayedTest -->
        <test-method is-config="true" signature="tearDown()[pri:0, instance:com.git.demo1.demo1@61230f6a]" started-at="2022-09-29T14:03:45 EDT" name="tearDown" finished-at="2022-09-29T14:03:45 EDT" duration-ms="236" status="PASS">
          <reporter-output>
          </reporter-output>
        </test-method> <!-- tearDown -->
      </class> <!-- com.git.demo1.demo1 -->
    </test> <!-- Test -->
  </suite> <!-- Suite -->
</testng-results>
